INFO:interface:---------------begin log----------------
INFO:interface:Started running main with the arguments 
 (), {}
ERROR:interface:Got exception on main handler: 
Traceback (most recent call last):
  File "c:\Users\aberd\OneDrive\Documents\Python stuff\Bird Pin Program mk 2\interface.py", line 83, in <module>
    main()
  File "c:\Users\aberd\OneDrive\Documents\Python stuff\Bird Pin Program mk 2\interface.py", line 17, in log_wrapper
    result = func(*args, **kwargs)
             ^^^^^^^^^^^^^^^^^^^^^
  File "c:\Users\aberd\OneDrive\Documents\Python stuff\Bird Pin Program mk 2\interface.py", line 75, in main
    splashScreen(app)
  File "c:\Users\aberd\OneDrive\Documents\Python stuff\Bird Pin Program mk 2\interface.py", line 54, in __init__
    raise NotImplementedError
NotImplementedError
INFO:interface:----------------end log-----------------
INFO:interface:---------------begin log----------------
INFO:interface:Started running main with the arguments 
 (), {}
INFO:interface:Finished running main 
 taking 16.544994115829468 seconds.
INFO:interface:----------------end log-----------------
INFO:interface:---------------begin log----------------
INFO:interface:Started running main with the arguments 
 (), {}
INFO:interface:Finished running main 
 taking 3.176555633544922 seconds.
INFO:interface:----------------end log-----------------
INFO:interface:---------------begin log----------------
INFO:interface:Started running main with the arguments 
 (), {}
INFO:interface:Finished running main 
 taking 4.118266820907593 seconds.
INFO:interface:----------------end log-----------------
INFO:interface:---------------begin log----------------
INFO:interface:Started running main with the arguments 
 (), {}
INFO:interface:Finished running main 
 taking 4.17236852645874 seconds.
INFO:interface:----------------end log-----------------
INFO:interface:---------------begin log----------------
INFO:interface:Started running main with the arguments 
 (), {}
INFO:interface:Finished running main 
 taking 16.441210746765137 seconds.
INFO:interface:----------------end log-----------------
INFO:interface:---------------begin log----------------
INFO:interface:Started running main with the arguments 
 (), {}
ERROR:interface:Got exception on main handler: cannot use geometry manager pack inside . which already has slaves managed by grid
Traceback (most recent call last):
  File "c:\Users\aberd\OneDrive\Documents\Python stuff\Bird Pin Program mk 2\interface.py", line 101, in <module>
    main()
  File "c:\Users\aberd\OneDrive\Documents\Python stuff\Bird Pin Program mk 2\interface.py", line 18, in log_wrapper
    result = func(*args, **kwargs)
             ^^^^^^^^^^^^^^^^^^^^^
  File "c:\Users\aberd\OneDrive\Documents\Python stuff\Bird Pin Program mk 2\interface.py", line 93, in main
    welcomeScreen(app)
  File "c:\Users\aberd\OneDrive\Documents\Python stuff\Bird Pin Program mk 2\interface.py", line 46, in __init__
    subtitle.pack(pady=30)
  File "C:\Program Files\WindowsApps\PythonSoftwareFoundation.Python.3.11_3.11.2544.0_x64__qbz5n2kfra8p0\Lib\tkinter\__init__.py", line 2471, in pack_configure
    self.tk.call(
_tkinter.TclError: cannot use geometry manager pack inside . which already has slaves managed by grid
INFO:interface:----------------end log-----------------
INFO:interface:---------------begin log----------------
INFO:interface:Started running main with the arguments 
 (), {}
INFO:interface:Finished running main 
 taking 22.465245723724365 seconds.
INFO:interface:----------------end log-----------------
INFO:interface:---------------begin log----------------
INFO:interface:Started running main with the arguments 
 (), {}
INFO:interface:Finished running main 
 taking 20.35169219970703 seconds.
INFO:interface:----------------end log-----------------
INFO:interface:---------------begin log----------------
INFO:interface:Started running main with the arguments 
 (), {}
ERROR:interface:Got exception on main handler: module 'ttkbootstrap.constants' has no attribute 'top'
Traceback (most recent call last):
  File "c:\Users\aberd\OneDrive\Documents\Python stuff\Bird Pin Program mk 2\interface.py", line 101, in <module>
    main()
  File "c:\Users\aberd\OneDrive\Documents\Python stuff\Bird Pin Program mk 2\interface.py", line 18, in log_wrapper
    result = func(*args, **kwargs)
             ^^^^^^^^^^^^^^^^^^^^^
  File "c:\Users\aberd\OneDrive\Documents\Python stuff\Bird Pin Program mk 2\interface.py", line 93, in main
    welcomeScreen(app)
  File "c:\Users\aberd\OneDrive\Documents\Python stuff\Bird Pin Program mk 2\interface.py", line 58, in __init__
    ttkb.Button(source_frame, text="Enter new source", bootstyle=tkc.SUCCESS).pack(side=tkc.top, padx=10)
                                                                                        ^^^^^^^
AttributeError: module 'ttkbootstrap.constants' has no attribute 'top'
INFO:interface:----------------end log-----------------
INFO:interface:---------------begin log----------------
INFO:interface:Started running main with the arguments 
 (), {}
INFO:interface:Finished running main 
 taking 796.3392806053162 seconds.
INFO:interface:----------------end log-----------------
INFO:interface:---------------begin log----------------
INFO:interface:Started running main with the arguments 
 (), {}
INFO:interface:Finished running main 
 taking 380.03192949295044 seconds.
INFO:interface:----------------end log-----------------
INFO:interface:---------------begin log----------------
INFO:interface:Started running main with the arguments 
 (), {}
INFO:interface:Finished running main 
 taking 155.84674096107483 seconds.
INFO:interface:----------------end log-----------------
INFO:interface:---------------begin log----------------
INFO:interface:Started running main with the arguments 
 (), {}
INFO:interface:Finished running main 
 taking 9.071801900863647 seconds.
INFO:interface:----------------end log-----------------
INFO:interface:---------------begin log----------------
INFO:interface:Started running main with the arguments 
 (), {}
INFO:interface:Finished running main 
 taking 89.80743312835693 seconds.
INFO:interface:----------------end log-----------------
INFO:interface:---------------begin log----------------
INFO:interface:Started running main with the arguments 
 (), {}
INFO:interface:Finished running main 
 taking 6.428620100021362 seconds.
INFO:interface:----------------end log-----------------
INFO:interface:---------------begin log----------------
INFO:interface:Started running main with the arguments 
 (), {}
INFO:interface:Finished running main 
 taking 7.604951858520508 seconds.
INFO:interface:----------------end log-----------------
INFO:interface:---------------begin log----------------
INFO:interface:Started running main with the arguments 
 (), {}
INFO:interface:Finished running main 
 taking 45.91370248794556 seconds.
INFO:interface:----------------end log-----------------
INFO:interface:---------------begin log----------------
INFO:interface:Started running main with the arguments 
 (), {}
INFO:interface:Finished running main 
 taking 9.651538133621216 seconds.
INFO:interface:----------------end log-----------------
INFO:interface:---------------begin log----------------
INFO:interface:Started running main with the arguments 
 (), {}
INFO:interface:Finished running main 
 taking 14.121678829193115 seconds.
INFO:interface:----------------end log-----------------
INFO:interface:---------------begin log----------------
INFO:interface:Started running main with the arguments 
 (), {}
INFO:interface:Finished running main 
 taking 66.97025752067566 seconds.
INFO:interface:----------------end log-----------------
INFO:interface:---------------begin log----------------
INFO:interface:Started running main with the arguments 
 (), {}
ERROR:interface:Got exception on main handler: bad option "-width": must be -column, -columnspan, -in, -ipadx, -ipady, -padx, -pady, -row, -rowspan, or -sticky
Traceback (most recent call last):
  File "c:\Users\aberd\OneDrive\Documents\Python stuff\Bird Pin Program mk 2\interface.py", line 103, in <module>
    main()
  File "c:\Users\aberd\OneDrive\Documents\Python stuff\Bird Pin Program mk 2\interface.py", line 18, in log_wrapper
    result = func(*args, **kwargs)
             ^^^^^^^^^^^^^^^^^^^^^
  File "c:\Users\aberd\OneDrive\Documents\Python stuff\Bird Pin Program mk 2\interface.py", line 95, in main
    welcomeScreen(app)
  File "c:\Users\aberd\OneDrive\Documents\Python stuff\Bird Pin Program mk 2\interface.py", line 59, in __init__
    ttkb.Button(pin_frame, text="Enter new pin", bootstyle=tkc.SUCCESS).grid(column=0, row=0, width=BUTTON_WIDTH)
  File "C:\Program Files\WindowsApps\PythonSoftwareFoundation.Python.3.11_3.11.2544.0_x64__qbz5n2kfra8p0\Lib\tkinter\__init__.py", line 2568, in grid_configure
    self.tk.call(
_tkinter.TclError: bad option "-width": must be -column, -columnspan, -in, -ipadx, -ipady, -padx, -pady, -row, -rowspan, or -sticky
INFO:interface:----------------end log-----------------
INFO:interface:---------------begin log----------------
INFO:interface:Started running main with the arguments 
 (), {}
ERROR:interface:Got exception on main handler: bad option "-width": must be -column, -columnspan, -in, -ipadx, -ipady, -padx, -pady, -row, -rowspan, or -sticky
Traceback (most recent call last):
  File "c:\Users\aberd\OneDrive\Documents\Python stuff\Bird Pin Program mk 2\interface.py", line 103, in <module>
    main()
  File "c:\Users\aberd\OneDrive\Documents\Python stuff\Bird Pin Program mk 2\interface.py", line 18, in log_wrapper
    result = func(*args, **kwargs)
             ^^^^^^^^^^^^^^^^^^^^^
  File "c:\Users\aberd\OneDrive\Documents\Python stuff\Bird Pin Program mk 2\interface.py", line 95, in main
    welcomeScreen(app)
  File "c:\Users\aberd\OneDrive\Documents\Python stuff\Bird Pin Program mk 2\interface.py", line 59, in __init__
    ttkb.Button(pin_frame, text="Enter new pin", bootstyle=tkc.SUCCESS).grid(column=0, row=0, width=BUTTON_WIDTH)
  File "C:\Program Files\WindowsApps\PythonSoftwareFoundation.Python.3.11_3.11.2544.0_x64__qbz5n2kfra8p0\Lib\tkinter\__init__.py", line 2568, in grid_configure
    self.tk.call(
_tkinter.TclError: bad option "-width": must be -column, -columnspan, -in, -ipadx, -ipady, -padx, -pady, -row, -rowspan, or -sticky
INFO:interface:----------------end log-----------------
INFO:interface:---------------begin log----------------
INFO:interface:Started running main with the arguments 
 (), {}
INFO:interface:Finished running main 
 taking 31.353706121444702 seconds.
INFO:interface:----------------end log-----------------
INFO:interface:---------------begin log----------------
INFO:interface:Started running main with the arguments 
 (), {}
INFO:interface:Finished running main 
 taking 2.3696868419647217 seconds.
INFO:interface:----------------end log-----------------
INFO:interface:---------------begin log----------------
INFO:interface:Started running main with the arguments 
 (), {}
INFO:interface:Finished running main 
 taking 2.1967334747314453 seconds.
INFO:interface:----------------end log-----------------
INFO:interface:---------------begin log----------------
INFO:interface:Started running main with the arguments 
 (), {}
INFO:interface:Finished running main 
 taking 3.2200264930725098 seconds.
INFO:interface:----------------end log-----------------
INFO:interface:---------------begin log----------------
INFO:interface:Started running main with the arguments 
 (), {}
INFO:interface:Finished running main 
 taking 2.411524772644043 seconds.
INFO:interface:----------------end log-----------------
INFO:interface:---------------begin log----------------
INFO:interface:Started running main with the arguments 
 (), {}
INFO:interface:Finished running main 
 taking 3.4875054359436035 seconds.
INFO:interface:----------------end log-----------------
INFO:interface:---------------begin log----------------
INFO:interface:Started running main with the arguments 
 (), {}
INFO:interface:Finished running main 
 taking 4.963543176651001 seconds.
INFO:interface:----------------end log-----------------
INFO:interface:---------------begin log----------------
INFO:interface:Started running main with the arguments 
 (), {}
INFO:interface:Finished running main 
 taking 5.392715215682983 seconds.
INFO:interface:----------------end log-----------------
INFO:interface:---------------begin log----------------
INFO:interface:Started running main with the arguments 
 (), {}
INFO:interface:Finished running main 
 taking 2.7271642684936523 seconds.
INFO:interface:----------------end log-----------------
INFO:interface:---------------begin log----------------
INFO:interface:Started running main with the arguments 
 (), {}
INFO:interface:Finished running main 
 taking 3.3995087146759033 seconds.
INFO:interface:----------------end log-----------------
INFO:interface:---------------begin log----------------
INFO:interface:Started running main with the arguments 
 (), {}
INFO:interface:Finished running main 
 taking 3.851701498031616 seconds.
INFO:interface:----------------end log-----------------
INFO:interface:---------------begin log----------------
INFO:interface:Started running main with the arguments 
 (), {}
INFO:interface:Finished running main 
 taking 3.6517841815948486 seconds.
INFO:interface:----------------end log-----------------
INFO:interface:---------------begin log----------------
INFO:interface:Started running main with the arguments 
 (), {}
INFO:interface:Finished running main 
 taking 24.70908284187317 seconds.
INFO:interface:----------------end log-----------------
INFO:interface:---------------begin log----------------
INFO:interface:Started running main with the arguments 
 (), {}
INFO:interface:Finished running main 
 taking 5.963692903518677 seconds.
INFO:interface:----------------end log-----------------
INFO:interface:---------------begin log----------------
INFO:interface:Started running main with the arguments 
 (), {}
INFO:interface:Finished running main 
 taking 5.309673309326172 seconds.
INFO:interface:----------------end log-----------------
INFO:interface:---------------begin log----------------
INFO:interface:Started running main with the arguments 
 (), {}
INFO:interface:Finished running main 
 taking 14.914079427719116 seconds.
INFO:interface:----------------end log-----------------
INFO:interface:---------------begin log----------------
INFO:interface:Started running main with the arguments 
 (), {}
ERROR:interface:Got exception on main handler: unknown option "-sticky"
Traceback (most recent call last):
  File "c:\Users\aberd\OneDrive\Documents\Python stuff\Bird Pin Program mk 2\interface.py", line 96, in <module>
    main()
  File "c:\Users\aberd\OneDrive\Documents\Python stuff\Bird Pin Program mk 2\interface.py", line 18, in log_wrapper
    result = func(*args, **kwargs)
             ^^^^^^^^^^^^^^^^^^^^^
  File "c:\Users\aberd\OneDrive\Documents\Python stuff\Bird Pin Program mk 2\interface.py", line 88, in main
    welcomeScreen(app)
  File "c:\Users\aberd\OneDrive\Documents\Python stuff\Bird Pin Program mk 2\interface.py", line 66, in __init__
    ttkb.Button(button_frame, text="Update local bird database", bootstyle=tkc.DEFAULT, sticky='EW').grid(column=0, row=3, columnspan=2)
    ^^^^^^^^^^^^^^^^^^^^^^^^^^^^^^^^^^^^^^^^^^^^^^^^^^^^^^^^^^^^^^^^^^^^^^^^^^^^^^^^^^^^^^^^^^^^^^^^
  File "C:\Users\aberd\AppData\Local\Packages\PythonSoftwareFoundation.Python.3.11_qbz5n2kfra8p0\LocalCache\local-packages\Python311\site-packages\ttkbootstrap\style.py", line 4941, in __init__
    func(self, *args, **kwargs)
  File "C:\Program Files\WindowsApps\PythonSoftwareFoundation.Python.3.11_3.11.2544.0_x64__qbz5n2kfra8p0\Lib\tkinter\ttk.py", line 582, in __init__
    Widget.__init__(self, master, "ttk::button", kw)
  File "C:\Program Files\WindowsApps\PythonSoftwareFoundation.Python.3.11_3.11.2544.0_x64__qbz5n2kfra8p0\Lib\tkinter\ttk.py", line 527, in __init__
    tkinter.Widget.__init__(self, master, widgetname, kw=kw)
  File "C:\Program Files\WindowsApps\PythonSoftwareFoundation.Python.3.11_3.11.2544.0_x64__qbz5n2kfra8p0\Lib\tkinter\__init__.py", line 2647, in __init__
    self.tk.call(
_tkinter.TclError: unknown option "-sticky"
INFO:interface:----------------end log-----------------
INFO:interface:---------------begin log----------------
INFO:interface:Started running main with the arguments 
 (), {}
INFO:interface:Finished running main 
 taking 6.982469081878662 seconds.
INFO:interface:----------------end log-----------------
INFO:interface:---------------begin log----------------
INFO:interface:Started running main with the arguments 
 (), {}
INFO:interface:Finished running main 
 taking 7.2348549365997314 seconds.
INFO:interface:----------------end log-----------------
INFO:interface:---------------begin log----------------
INFO:interface:Started running main with the arguments 
 (), {}
INFO:interface:Finished running main 
 taking 5.439553260803223 seconds.
INFO:interface:----------------end log-----------------
INFO:interface:---------------begin log----------------
INFO:interface:Started running main with the arguments 
 (), {}
INFO:interface:Finished running main 
 taking 5.974775314331055 seconds.
INFO:interface:----------------end log-----------------
INFO:interface:---------------begin log----------------
INFO:interface:Started running main with the arguments 
 (), {}
INFO:interface:Finished running main 
 taking 7.516999006271362 seconds.
INFO:interface:----------------end log-----------------
INFO:interface:---------------begin log----------------
INFO:interface:Started running main with the arguments 
 (), {}
INFO:interface:Finished running main 
 taking 10.128204107284546 seconds.
INFO:interface:----------------end log-----------------
INFO:interface:---------------begin log----------------
INFO:interface:Started running main with the arguments 
 (), {}
INFO:interface:Finished running main 
 taking 3.750257968902588 seconds.
INFO:interface:----------------end log-----------------
INFO:interface:---------------begin log----------------
INFO:interface:Started running main with the arguments 
 (), {}
INFO:interface:Finished running main 
 taking 16.484446048736572 seconds.
INFO:interface:----------------end log-----------------
INFO:interface:---------------begin log----------------
INFO:interface:Started running main with the arguments 
 (), {}
INFO:interface:Finished running main 
 taking 33.80143141746521 seconds.
INFO:interface:----------------end log-----------------
INFO:interface:---------------begin log----------------
INFO:interface:Started running main with the arguments 
 (), {}
INFO:interface:Finished running main 
 taking 29.34016466140747 seconds.
INFO:interface:----------------end log-----------------
INFO:interface:---------------begin log----------------
INFO:interface:Started running main with the arguments 
 (), {}
ERROR:interface:Got exception on main handler: NULL main window
Traceback (most recent call last):
  File "c:\Users\aberd\OneDrive\Documents\Python stuff\Bird Pin Program mk 2\interface.py", line 113, in <module>
    main()
  File "c:\Users\aberd\OneDrive\Documents\Python stuff\Bird Pin Program mk 2\interface.py", line 18, in log_wrapper
    result = func(*args, **kwargs)
             ^^^^^^^^^^^^^^^^^^^^^
  File "c:\Users\aberd\OneDrive\Documents\Python stuff\Bird Pin Program mk 2\interface.py", line 107, in main
    app = mainApp()
          ^^^^^^^^^
  File "c:\Users\aberd\OneDrive\Documents\Python stuff\Bird Pin Program mk 2\interface.py", line 40, in __init__
    self.welcome_screen = welcomeScreen(self)
                          ^^^^^^^^^^^^^^^^^^^
  File "c:\Users\aberd\OneDrive\Documents\Python stuff\Bird Pin Program mk 2\interface.py", line 48, in __init__
    self.layout_frames()
  File "c:\Users\aberd\OneDrive\Documents\Python stuff\Bird Pin Program mk 2\interface.py", line 53, in layout_frames
    self.title_frame: ttkb.Frame = ttkb.Frame(self.window)
                                   ^^^^^^^^^^^^^^^^^^^^^^^
  File "C:\Users\aberd\AppData\Local\Packages\PythonSoftwareFoundation.Python.3.11_qbz5n2kfra8p0\LocalCache\local-packages\Python311\site-packages\ttkbootstrap\style.py", line 4941, in __init__
    func(self, *args, **kwargs)
  File "C:\Program Files\WindowsApps\PythonSoftwareFoundation.Python.3.11_3.11.2544.0_x64__qbz5n2kfra8p0\Lib\tkinter\ttk.py", line 710, in __init__
    Widget.__init__(self, master, "ttk::frame", kw)
  File "C:\Program Files\WindowsApps\PythonSoftwareFoundation.Python.3.11_3.11.2544.0_x64__qbz5n2kfra8p0\Lib\tkinter\ttk.py", line 527, in __init__
    tkinter.Widget.__init__(self, master, widgetname, kw=kw)
  File "C:\Program Files\WindowsApps\PythonSoftwareFoundation.Python.3.11_3.11.2544.0_x64__qbz5n2kfra8p0\Lib\tkinter\__init__.py", line 2647, in __init__
    self.tk.call(
_tkinter.TclError: NULL main window
INFO:interface:----------------end log-----------------
INFO:interface:---------------begin log----------------
INFO:interface:Started running main with the arguments 
 (), {}
INFO:interface:Finished running main 
 taking 19.871317625045776 seconds.
INFO:interface:----------------end log-----------------
INFO:interface:---------------begin log----------------
INFO:interface:Started running main with the arguments 
 (), {}
INFO:interface:Finished running main 
 taking 2.583785057067871 seconds.
INFO:interface:----------------end log-----------------
INFO:interface:---------------begin log----------------
INFO:interface:Started running main with the arguments 
 (), {}
INFO:interface:Finished running main 
 taking 6.714162588119507 seconds.
INFO:interface:----------------end log-----------------
INFO:interface:---------------begin log----------------
INFO:interface:Started running main with the arguments 
 (), {}
INFO:interface:Finished running main 
 taking 5.499183893203735 seconds.
INFO:interface:----------------end log-----------------
INFO:interface:---------------begin log----------------
INFO:interface:Started running main with the arguments 
 (), {}
INFO:interface:Finished running main 
 taking 6.000864744186401 seconds.
INFO:interface:----------------end log-----------------
INFO:interface:---------------begin log----------------
INFO:interface:Started running main with the arguments 
 (), {}
INFO:interface:Finished running main 
 taking 2.542797803878784 seconds.
INFO:interface:----------------end log-----------------
INFO:interface:---------------begin log----------------
INFO:interface:Started running main with the arguments 
 (), {}
INFO:interface:Finished running main 
 taking 8.747318506240845 seconds.
INFO:interface:----------------end log-----------------
INFO:interface:---------------begin log----------------
INFO:interface:Started running main with the arguments 
 (), {}
INFO:interface:Finished running main 
 taking 141.5592076778412 seconds.
INFO:interface:----------------end log-----------------
INFO:interface:---------------begin log----------------
INFO:interface:Started running main with the arguments 
 (), {}
INFO:interface:Finished running main 
 taking 0.170989990234375 seconds.
INFO:interface:----------------end log-----------------
INFO:interface:---------------begin log----------------
INFO:interface:Started running main with the arguments 
 (), {}
INFO:interface:Finished running main 
 taking 57.402252435684204 seconds.
INFO:interface:----------------end log-----------------
INFO:interface:---------------begin log----------------
INFO:interface:Started running main with the arguments 
 (), {}
INFO:interface:Finished running main 
 taking 7.272602796554565 seconds.
INFO:interface:----------------end log-----------------
INFO:interface:---------------begin log----------------
INFO:interface:Started running main with the arguments 
 (), {}
INFO:interface:Finished running main 
 taking 9.62675952911377 seconds.
INFO:interface:----------------end log-----------------
INFO:interface:---------------begin log----------------
INFO:interface:Started running main with the arguments 
 (), {}
ERROR:interface:Got exception on main handler: '_tkinter.tkapp' object has no attribute 'ebird_bridge'
Traceback (most recent call last):
  File "c:\Users\aberd\OneDrive\Documents\Python stuff\Bird Pin Program mk 2\interface.py", line 140, in <module>
    main()
  File "c:\Users\aberd\OneDrive\Documents\Python stuff\Bird Pin Program mk 2\interface.py", line 19, in log_wrapper
    result = func(*args, **kwargs)
             ^^^^^^^^^^^^^^^^^^^^^
  File "c:\Users\aberd\OneDrive\Documents\Python stuff\Bird Pin Program mk 2\interface.py", line 133, in main
    app = App()
          ^^^^^
  File "c:\Users\aberd\OneDrive\Documents\Python stuff\Bird Pin Program mk 2\interface.py", line 51, in __init__
    self.screens: dict[str, ctk.CTkFrame] = {'Welcome': ScreenWelcome(self),
                                                        ^^^^^^^^^^^^^^^^^^^
  File "c:\Users\aberd\OneDrive\Documents\Python stuff\Bird Pin Program mk 2\interface.py", line 110, in __init__
    command=master.ebird_bridge.update_database)
            ^^^^^^^^^^^^^^^^^^^
  File "C:\Program Files\WindowsApps\PythonSoftwareFoundation.Python.3.11_3.11.2544.0_x64__qbz5n2kfra8p0\Lib\tkinter\__init__.py", line 2429, in __getattr__
    return getattr(self.tk, attr)
           ^^^^^^^^^^^^^^^^^^^^^^
AttributeError: '_tkinter.tkapp' object has no attribute 'ebird_bridge'
INFO:interface:----------------end log-----------------
INFO:interface:---------------begin log----------------
INFO:interface:Started running main with the arguments 
 (), {}
ERROR:interface:Got exception on main handler: bad option "-sticky": must be -after, -anchor, -before, -expand, -fill, -in, -ipadx, -ipady, -padx, -pady, or -side
Traceback (most recent call last):
  File "c:\Users\aberd\OneDrive\Documents\Python stuff\Bird Pin Program mk 2\interface.py", line 140, in <module>
    main()
  File "c:\Users\aberd\OneDrive\Documents\Python stuff\Bird Pin Program mk 2\interface.py", line 19, in log_wrapper
    result = func(*args, **kwargs)
             ^^^^^^^^^^^^^^^^^^^^^
  File "c:\Users\aberd\OneDrive\Documents\Python stuff\Bird Pin Program mk 2\interface.py", line 133, in main
    app = App()
          ^^^^^
  File "c:\Users\aberd\OneDrive\Documents\Python stuff\Bird Pin Program mk 2\interface.py", line 62, in __init__
    self.screens['Welcome'].pack(padx=20, pady=20, sticky="nsew")
  File "C:\Users\aberd\AppData\Local\Packages\PythonSoftwareFoundation.Python.3.11_qbz5n2kfra8p0\LocalCache\local-packages\Python311\site-packages\customtkinter\windows\widgets\core_widget_classes\ctk_base_class.py", line 298, in pack
    return super().pack(**self._apply_argument_scaling(kwargs))
           ^^^^^^^^^^^^^^^^^^^^^^^^^^^^^^^^^^^^^^^^^^^^^^^^^^^^
  File "C:\Program Files\WindowsApps\PythonSoftwareFoundation.Python.3.11_3.11.2544.0_x64__qbz5n2kfra8p0\Lib\tkinter\__init__.py", line 2471, in pack_configure
    self.tk.call(
_tkinter.TclError: bad option "-sticky": must be -after, -anchor, -before, -expand, -fill, -in, -ipadx, -ipady, -padx, -pady, or -side
INFO:interface:----------------end log-----------------
INFO:interface:---------------begin log----------------
INFO:interface:Started running main with the arguments 
 (), {}
ERROR:interface:Got exception on main handler: bad anchor "NSEW": must be n, ne, e, se, s, sw, w, nw, or center
Traceback (most recent call last):
  File "c:\Users\aberd\OneDrive\Documents\Python stuff\Bird Pin Program mk 2\interface.py", line 140, in <module>
    main()
  File "c:\Users\aberd\OneDrive\Documents\Python stuff\Bird Pin Program mk 2\interface.py", line 19, in log_wrapper
    result = func(*args, **kwargs)
             ^^^^^^^^^^^^^^^^^^^^^
  File "c:\Users\aberd\OneDrive\Documents\Python stuff\Bird Pin Program mk 2\interface.py", line 133, in main
    app = App()
          ^^^^^
  File "c:\Users\aberd\OneDrive\Documents\Python stuff\Bird Pin Program mk 2\interface.py", line 62, in __init__
    self.screens['Welcome'].pack(padx=20, pady=20, anchor='NSEW')
  File "C:\Users\aberd\AppData\Local\Packages\PythonSoftwareFoundation.Python.3.11_qbz5n2kfra8p0\LocalCache\local-packages\Python311\site-packages\customtkinter\windows\widgets\core_widget_classes\ctk_base_class.py", line 298, in pack
    return super().pack(**self._apply_argument_scaling(kwargs))
           ^^^^^^^^^^^^^^^^^^^^^^^^^^^^^^^^^^^^^^^^^^^^^^^^^^^^
  File "C:\Program Files\WindowsApps\PythonSoftwareFoundation.Python.3.11_3.11.2544.0_x64__qbz5n2kfra8p0\Lib\tkinter\__init__.py", line 2471, in pack_configure
    self.tk.call(
_tkinter.TclError: bad anchor "NSEW": must be n, ne, e, se, s, sw, w, nw, or center
INFO:interface:----------------end log-----------------
INFO:interface:---------------begin log----------------
INFO:interface:Started running main with the arguments 
 (), {}
INFO:interface:Finished running main 
 taking 4.1121697425842285 seconds.
INFO:interface:----------------end log-----------------
INFO:interface:---------------begin log----------------
INFO:interface:Started running main with the arguments 
 (), {}
INFO:interface:Finished running main 
 taking 10.859477281570435 seconds.
INFO:interface:----------------end log-----------------
INFO:interface:---------------begin log----------------
INFO:interface:Started running main with the arguments 
 (), {}
INFO:interface:Finished running main 
 taking 14.043420314788818 seconds.
INFO:interface:----------------end log-----------------
INFO:interface:---------------begin log----------------
INFO:interface:Started running main with the arguments 
 (), {}
INFO:interface:Finished running main 
 taking 4.064239025115967 seconds.
INFO:interface:----------------end log-----------------
INFO:interface:---------------begin log----------------
INFO:interface:Started running main with the arguments 
 (), {}
INFO:interface:Finished running main 
 taking 15.485469818115234 seconds.
INFO:interface:----------------end log-----------------
INFO:interface:---------------begin log----------------
INFO:interface:Started running main with the arguments 
 (), {}
INFO:interface:Finished running main 
 taking 3.732544183731079 seconds.
INFO:interface:----------------end log-----------------
INFO:interface:---------------begin log----------------
INFO:interface:Started running main with the arguments 
 (), {}
INFO:interface:Finished running main 
 taking 15.542799234390259 seconds.
INFO:interface:----------------end log-----------------
INFO:interface:---------------begin log----------------
INFO:interface:Started running main with the arguments 
 (), {}
INFO:interface:Finished running main 
 taking 5.070160627365112 seconds.
INFO:interface:----------------end log-----------------
INFO:interface:---------------begin log----------------
INFO:interface:Started running main with the arguments 
 (), {}
INFO:interface:Finished running main 
 taking 7.535913467407227 seconds.
INFO:interface:----------------end log-----------------
INFO:interface:---------------begin log----------------
INFO:interface:Started running main with the arguments 
 (), {}
INFO:interface:Finished running main 
 taking 6.616633176803589 seconds.
INFO:interface:----------------end log-----------------
INFO:interface:---------------begin log----------------
INFO:interface:Started running main with the arguments 
 (), {}
INFO:interface:Finished running main 
 taking 5.3400983810424805 seconds.
INFO:interface:----------------end log-----------------
INFO:interface:---------------begin log----------------
INFO:interface:Started running main with the arguments 
 (), {}
INFO:interface:Finished running main 
 taking 7.687137842178345 seconds.
INFO:interface:----------------end log-----------------
INFO:interface:---------------begin log----------------
INFO:interface:Started running main with the arguments 
 (), {}
INFO:interface:Finished running main 
 taking 4.802644491195679 seconds.
INFO:interface:----------------end log-----------------
INFO:interface:---------------begin log----------------
INFO:interface:Started running main with the arguments 
 (), {}
INFO:interface:Finished running main 
 taking 8.156254053115845 seconds.
INFO:interface:----------------end log-----------------
